<?xml version="1.0" encoding="UTF-8"?>
<!-- Generated by org.testng.reporters.JUnitReportReporter -->
<testsuite hostname="DESKTOP-JEA8GN4" failures="0" tests="1" name="TestClass.SeleniumTestNGDemo" time="20.217" errors="0" timestamp="2025-05-07T03:27:55 EEST" skipped="0">
  <testcase classname="TestClass.SeleniumTestNGDemo" name="test" time="20.217"/>
</testsuite> <!-- TestClass.SeleniumTestNGDemo -->
